<?xml version="1.0" encoding="UTF-8"?>
<testng-results skipped="0" failed="0" total="16" passed="16">
  <reporter-output>
  </reporter-output>
  <suite name="Suite" duration-ms="178320" started-at="2017-10-10T01:16:59Z" finished-at="2017-10-10T01:19:57Z">
    <groups>
    </groups>
    <test name="Test" duration-ms="178320" started-at="2017-10-10T01:16:59Z" finished-at="2017-10-10T01:19:57Z">
      <class name="test.ValidateForm">
        <test-method status="PASS" signature="SetBrowser()[pri:0, instance:test.ValidateForm@14acaea5]" name="SetBrowser" is-config="true" duration-ms="9395" started-at="2017-10-09T21:16:59Z" finished-at="2017-10-09T21:17:09Z">
          <reporter-output>
          </reporter-output>
        </test-method> <!-- SetBrowser -->
        <test-method status="PASS" signature="firstNameBlank()[pri:1, instance:test.ValidateForm@14acaea5]" name="firstNameBlank" duration-ms="725" started-at="2017-10-09T21:17:09Z" finished-at="2017-10-09T21:17:09Z">
          <reporter-output>
          </reporter-output>
        </test-method> <!-- firstNameBlank -->
        <test-method status="PASS" signature="closeBrowser()[pri:0, instance:test.ValidateForm@14acaea5]" name="closeBrowser" is-config="true" duration-ms="1268" started-at="2017-10-09T21:17:09Z" finished-at="2017-10-09T21:17:11Z">
          <reporter-output>
          </reporter-output>
        </test-method> <!-- closeBrowser -->
        <test-method status="PASS" signature="SetBrowser()[pri:0, instance:test.ValidateForm@14acaea5]" name="SetBrowser" is-config="true" duration-ms="7391" started-at="2017-10-09T21:17:11Z" finished-at="2017-10-09T21:17:18Z">
          <reporter-output>
          </reporter-output>
        </test-method> <!-- SetBrowser -->
        <test-method status="PASS" signature="lastNameBlank()[pri:2, instance:test.ValidateForm@14acaea5]" name="lastNameBlank" duration-ms="530" started-at="2017-10-09T21:17:18Z" finished-at="2017-10-09T21:17:18Z">
          <reporter-output>
          </reporter-output>
        </test-method> <!-- lastNameBlank -->
        <test-method status="PASS" signature="closeBrowser()[pri:0, instance:test.ValidateForm@14acaea5]" name="closeBrowser" is-config="true" duration-ms="965" started-at="2017-10-09T21:17:18Z" finished-at="2017-10-09T21:17:19Z">
          <reporter-output>
          </reporter-output>
        </test-method> <!-- closeBrowser -->
        <test-method status="PASS" signature="SetBrowser()[pri:0, instance:test.ValidateForm@14acaea5]" name="SetBrowser" is-config="true" duration-ms="9328" started-at="2017-10-09T21:17:19Z" finished-at="2017-10-09T21:17:29Z">
          <reporter-output>
          </reporter-output>
        </test-method> <!-- SetBrowser -->
        <test-method status="PASS" signature="phoneNumberBlank()[pri:3, instance:test.ValidateForm@14acaea5]" name="phoneNumberBlank" duration-ms="582" started-at="2017-10-09T21:17:29Z" finished-at="2017-10-09T21:17:29Z">
          <reporter-output>
          </reporter-output>
        </test-method> <!-- phoneNumberBlank -->
        <test-method status="PASS" signature="closeBrowser()[pri:0, instance:test.ValidateForm@14acaea5]" name="closeBrowser" is-config="true" duration-ms="979" started-at="2017-10-09T21:17:29Z" finished-at="2017-10-09T21:17:30Z">
          <reporter-output>
          </reporter-output>
        </test-method> <!-- closeBrowser -->
        <test-method status="PASS" signature="SetBrowser()[pri:0, instance:test.ValidateForm@14acaea5]" name="SetBrowser" is-config="true" duration-ms="8028" started-at="2017-10-09T21:17:30Z" finished-at="2017-10-09T21:17:38Z">
          <reporter-output>
          </reporter-output>
        </test-method> <!-- SetBrowser -->
        <test-method status="PASS" signature="passNegativeDataFirstName()[pri:4, instance:test.ValidateForm@14acaea5]" name="passNegativeDataFirstName" duration-ms="10645" started-at="2017-10-09T21:17:38Z" finished-at="2017-10-09T21:17:49Z">
          <reporter-output>
          </reporter-output>
        </test-method> <!-- passNegativeDataFirstName -->
        <test-method status="PASS" signature="closeBrowser()[pri:0, instance:test.ValidateForm@14acaea5]" name="closeBrowser" is-config="true" duration-ms="967" started-at="2017-10-09T21:17:49Z" finished-at="2017-10-09T21:17:50Z">
          <reporter-output>
          </reporter-output>
        </test-method> <!-- closeBrowser -->
        <test-method status="PASS" signature="SetBrowser()[pri:0, instance:test.ValidateForm@14acaea5]" name="SetBrowser" is-config="true" duration-ms="7929" started-at="2017-10-09T21:17:50Z" finished-at="2017-10-09T21:17:58Z">
          <reporter-output>
          </reporter-output>
        </test-method> <!-- SetBrowser -->
        <test-method status="PASS" signature="passNegativeDataLastName()[pri:5, instance:test.ValidateForm@14acaea5]" name="passNegativeDataLastName" duration-ms="760" started-at="2017-10-09T21:17:58Z" finished-at="2017-10-09T21:17:59Z">
          <reporter-output>
          </reporter-output>
        </test-method> <!-- passNegativeDataLastName -->
        <test-method status="PASS" signature="closeBrowser()[pri:0, instance:test.ValidateForm@14acaea5]" name="closeBrowser" is-config="true" duration-ms="973" started-at="2017-10-09T21:17:59Z" finished-at="2017-10-09T21:18:00Z">
          <reporter-output>
          </reporter-output>
        </test-method> <!-- closeBrowser -->
        <test-method status="PASS" signature="SetBrowser()[pri:0, instance:test.ValidateForm@14acaea5]" name="SetBrowser" is-config="true" duration-ms="6879" started-at="2017-10-09T21:18:00Z" finished-at="2017-10-09T21:18:07Z">
          <reporter-output>
          </reporter-output>
        </test-method> <!-- SetBrowser -->
        <test-method status="PASS" signature="phoneNumberMax()[pri:6, instance:test.ValidateForm@14acaea5]" name="phoneNumberMax" duration-ms="626" started-at="2017-10-09T21:18:07Z" finished-at="2017-10-09T21:18:07Z">
          <reporter-output>
          </reporter-output>
        </test-method> <!-- phoneNumberMax -->
        <test-method status="PASS" signature="closeBrowser()[pri:0, instance:test.ValidateForm@14acaea5]" name="closeBrowser" is-config="true" duration-ms="1023" started-at="2017-10-09T21:18:07Z" finished-at="2017-10-09T21:18:08Z">
          <reporter-output>
          </reporter-output>
        </test-method> <!-- closeBrowser -->
        <test-method status="PASS" signature="SetBrowser()[pri:0, instance:test.ValidateForm@14acaea5]" name="SetBrowser" is-config="true" duration-ms="8816" started-at="2017-10-09T21:18:08Z" finished-at="2017-10-09T21:18:17Z">
          <reporter-output>
          </reporter-output>
        </test-method> <!-- SetBrowser -->
        <test-method status="PASS" signature="FirstNameSplMsg()[pri:7, instance:test.ValidateForm@14acaea5]" name="FirstNameSplMsg" duration-ms="585" started-at="2017-10-09T21:18:17Z" finished-at="2017-10-09T21:18:18Z">
          <reporter-output>
          </reporter-output>
        </test-method> <!-- FirstNameSplMsg -->
        <test-method status="PASS" signature="closeBrowser()[pri:0, instance:test.ValidateForm@14acaea5]" name="closeBrowser" is-config="true" duration-ms="1017" started-at="2017-10-09T21:18:18Z" finished-at="2017-10-09T21:18:19Z">
          <reporter-output>
          </reporter-output>
        </test-method> <!-- closeBrowser -->
        <test-method status="PASS" signature="SetBrowser()[pri:0, instance:test.ValidateForm@14acaea5]" name="SetBrowser" is-config="true" duration-ms="8156" started-at="2017-10-09T21:18:19Z" finished-at="2017-10-09T21:18:27Z">
          <reporter-output>
          </reporter-output>
        </test-method> <!-- SetBrowser -->
        <test-method status="PASS" signature="LastNameSplMsg()[pri:8, instance:test.ValidateForm@14acaea5]" name="LastNameSplMsg" duration-ms="782" started-at="2017-10-09T21:18:27Z" finished-at="2017-10-09T21:18:28Z">
          <reporter-output>
          </reporter-output>
        </test-method> <!-- LastNameSplMsg -->
        <test-method status="PASS" signature="closeBrowser()[pri:0, instance:test.ValidateForm@14acaea5]" name="closeBrowser" is-config="true" duration-ms="986" started-at="2017-10-09T21:18:28Z" finished-at="2017-10-09T21:18:29Z">
          <reporter-output>
          </reporter-output>
        </test-method> <!-- closeBrowser -->
        <test-method status="PASS" signature="SetBrowser()[pri:0, instance:test.ValidateForm@14acaea5]" name="SetBrowser" is-config="true" duration-ms="8045" started-at="2017-10-09T21:18:29Z" finished-at="2017-10-09T21:18:37Z">
          <reporter-output>
          </reporter-output>
        </test-method> <!-- SetBrowser -->
        <test-method status="PASS" signature="phoneNumberSplMsg()[pri:9, instance:test.ValidateForm@14acaea5]" name="phoneNumberSplMsg" duration-ms="598" started-at="2017-10-09T21:18:37Z" finished-at="2017-10-09T21:18:37Z">
          <reporter-output>
          </reporter-output>
        </test-method> <!-- phoneNumberSplMsg -->
        <test-method status="PASS" signature="closeBrowser()[pri:0, instance:test.ValidateForm@14acaea5]" name="closeBrowser" is-config="true" duration-ms="984" started-at="2017-10-09T21:18:37Z" finished-at="2017-10-09T21:18:38Z">
          <reporter-output>
          </reporter-output>
        </test-method> <!-- closeBrowser -->
        <test-method status="PASS" signature="SetBrowser()[pri:0, instance:test.ValidateForm@14acaea5]" name="SetBrowser" is-config="true" duration-ms="7870" started-at="2017-10-09T21:18:38Z" finished-at="2017-10-09T21:18:46Z">
          <reporter-output>
          </reporter-output>
        </test-method> <!-- SetBrowser -->
        <test-method status="PASS" signature="firstNameWithSpace()[pri:10, instance:test.ValidateForm@14acaea5]" name="firstNameWithSpace" duration-ms="2639" started-at="2017-10-09T21:18:46Z" finished-at="2017-10-09T21:18:49Z">
          <reporter-output>
          </reporter-output>
        </test-method> <!-- firstNameWithSpace -->
        <test-method status="PASS" signature="closeBrowser()[pri:0, instance:test.ValidateForm@14acaea5]" name="closeBrowser" is-config="true" duration-ms="985" started-at="2017-10-09T21:18:49Z" finished-at="2017-10-09T21:18:50Z">
          <reporter-output>
          </reporter-output>
        </test-method> <!-- closeBrowser -->
        <test-method status="PASS" signature="SetBrowser()[pri:0, instance:test.ValidateForm@14acaea5]" name="SetBrowser" is-config="true" duration-ms="7425" started-at="2017-10-09T21:18:50Z" finished-at="2017-10-09T21:18:57Z">
          <reporter-output>
          </reporter-output>
        </test-method> <!-- SetBrowser -->
        <test-method status="PASS" signature="lastNameWithSpace()[pri:11, instance:test.ValidateForm@14acaea5]" name="lastNameWithSpace" duration-ms="2697" started-at="2017-10-09T21:18:57Z" finished-at="2017-10-09T21:19:00Z">
          <reporter-output>
          </reporter-output>
        </test-method> <!-- lastNameWithSpace -->
        <test-method status="PASS" signature="closeBrowser()[pri:0, instance:test.ValidateForm@14acaea5]" name="closeBrowser" is-config="true" duration-ms="985" started-at="2017-10-09T21:19:00Z" finished-at="2017-10-09T21:19:01Z">
          <reporter-output>
          </reporter-output>
        </test-method> <!-- closeBrowser -->
        <test-method status="PASS" signature="SetBrowser()[pri:0, instance:test.ValidateForm@14acaea5]" name="SetBrowser" is-config="true" duration-ms="8183" started-at="2017-10-09T21:19:01Z" finished-at="2017-10-09T21:19:09Z">
          <reporter-output>
          </reporter-output>
        </test-method> <!-- SetBrowser -->
        <test-method status="PASS" signature="phoneNumberWithSpace()[pri:12, instance:test.ValidateForm@14acaea5]" name="phoneNumberWithSpace" duration-ms="654" started-at="2017-10-09T21:19:09Z" finished-at="2017-10-09T21:19:10Z">
          <reporter-output>
          </reporter-output>
        </test-method> <!-- phoneNumberWithSpace -->
        <test-method status="PASS" signature="closeBrowser()[pri:0, instance:test.ValidateForm@14acaea5]" name="closeBrowser" is-config="true" duration-ms="966" started-at="2017-10-09T21:19:10Z" finished-at="2017-10-09T21:19:11Z">
          <reporter-output>
          </reporter-output>
        </test-method> <!-- closeBrowser -->
        <test-method status="PASS" signature="SetBrowser()[pri:0, instance:test.ValidateForm@14acaea5]" name="SetBrowser" is-config="true" duration-ms="7513" started-at="2017-10-09T21:19:11Z" finished-at="2017-10-09T21:19:18Z">
          <reporter-output>
          </reporter-output>
        </test-method> <!-- SetBrowser -->
        <test-method status="PASS" signature="FstNameFieldClear()[pri:13, instance:test.ValidateForm@14acaea5]" name="FstNameFieldClear" duration-ms="610" started-at="2017-10-09T21:19:18Z" finished-at="2017-10-09T21:19:19Z">
          <reporter-output>
          </reporter-output>
        </test-method> <!-- FstNameFieldClear -->
        <test-method status="PASS" signature="closeBrowser()[pri:0, instance:test.ValidateForm@14acaea5]" name="closeBrowser" is-config="true" duration-ms="970" started-at="2017-10-09T21:19:19Z" finished-at="2017-10-09T21:19:20Z">
          <reporter-output>
          </reporter-output>
        </test-method> <!-- closeBrowser -->
        <test-method status="PASS" signature="SetBrowser()[pri:0, instance:test.ValidateForm@14acaea5]" name="SetBrowser" is-config="true" duration-ms="7540" started-at="2017-10-09T21:19:20Z" finished-at="2017-10-09T21:19:27Z">
          <reporter-output>
          </reporter-output>
        </test-method> <!-- SetBrowser -->
        <test-method status="PASS" signature="LstNameFieldClear()[pri:14, instance:test.ValidateForm@14acaea5]" name="LstNameFieldClear" duration-ms="752" started-at="2017-10-09T21:19:27Z" finished-at="2017-10-09T21:19:28Z">
          <reporter-output>
          </reporter-output>
        </test-method> <!-- LstNameFieldClear -->
        <test-method status="PASS" signature="closeBrowser()[pri:0, instance:test.ValidateForm@14acaea5]" name="closeBrowser" is-config="true" duration-ms="972" started-at="2017-10-09T21:19:28Z" finished-at="2017-10-09T21:19:29Z">
          <reporter-output>
          </reporter-output>
        </test-method> <!-- closeBrowser -->
        <test-method status="PASS" signature="SetBrowser()[pri:0, instance:test.ValidateForm@14acaea5]" name="SetBrowser" is-config="true" duration-ms="7761" started-at="2017-10-09T21:19:29Z" finished-at="2017-10-09T21:19:37Z">
          <reporter-output>
          </reporter-output>
        </test-method> <!-- SetBrowser -->
        <test-method status="PASS" signature="PhoneNumberFieldClear()[pri:15, instance:test.ValidateForm@14acaea5]" name="PhoneNumberFieldClear" duration-ms="10567" started-at="2017-10-09T21:19:37Z" finished-at="2017-10-09T21:19:47Z">
          <reporter-output>
          </reporter-output>
        </test-method> <!-- PhoneNumberFieldClear -->
        <test-method status="PASS" signature="closeBrowser()[pri:0, instance:test.ValidateForm@14acaea5]" name="closeBrowser" is-config="true" duration-ms="977" started-at="2017-10-09T21:19:47Z" finished-at="2017-10-09T21:19:48Z">
          <reporter-output>
          </reporter-output>
        </test-method> <!-- closeBrowser -->
        <test-method status="PASS" signature="SetBrowser()[pri:0, instance:test.ValidateForm@14acaea5]" name="SetBrowser" is-config="true" duration-ms="7356" started-at="2017-10-09T21:19:48Z" finished-at="2017-10-09T21:19:56Z">
          <reporter-output>
          </reporter-output>
        </test-method> <!-- SetBrowser -->
        <test-method status="PASS" signature="PositiveTest()[pri:16, instance:test.ValidateForm@14acaea5]" name="PositiveTest" duration-ms="912" started-at="2017-10-09T21:19:56Z" finished-at="2017-10-09T21:19:57Z">
          <reporter-output>
          </reporter-output>
        </test-method> <!-- PositiveTest -->
        <test-method status="PASS" signature="closeBrowser()[pri:0, instance:test.ValidateForm@14acaea5]" name="closeBrowser" is-config="true" duration-ms="959" started-at="2017-10-09T21:19:57Z" finished-at="2017-10-09T21:19:57Z">
          <reporter-output>
          </reporter-output>
        </test-method> <!-- closeBrowser -->
      </class> <!-- test.ValidateForm -->
    </test> <!-- Test -->
  </suite> <!-- Suite -->
</testng-results>
