<?xml version="1.0" encoding="UTF-8"?>
<!-- Generated by org.testng.reporters.JUnitXMLReporter -->
<testsuite hostname="DESKTOP-VRCSTNR" name="Default test" tests="16" failures="0" timestamp="10 Oct 2017 01:10:59 GMT" time="176.85" errors="0">
  <testcase name="firstNameBlank" time="0.605" classname="test.ValidateForm"/>
  <testcase name="lastNameBlank" time="0.522" classname="test.ValidateForm"/>
  <testcase name="phoneNumberBlank" time="0.554" classname="test.ValidateForm"/>
  <testcase name="passNegativeDataFirstName" time="10.703" classname="test.ValidateForm"/>
  <testcase name="passNegativeDataLastName" time="0.679" classname="test.ValidateForm"/>
  <testcase name="phoneNumberMax" time="0.685" classname="test.ValidateForm"/>
  <testcase name="FirstNameSplMsg" time="0.682" classname="test.ValidateForm"/>
  <testcase name="LastNameSplMsg" time="0.7" classname="test.ValidateForm"/>
  <testcase name="phoneNumberSplMsg" time="0.577" classname="test.ValidateForm"/>
  <testcase name="firstNameWithSpace" time="2.671" classname="test.ValidateForm"/>
  <testcase name="lastNameWithSpace" time="2.843" classname="test.ValidateForm"/>
  <testcase name="phoneNumberWithSpace" time="0.8" classname="test.ValidateForm"/>
  <testcase name="FstNameFieldClear" time="0.622" classname="test.ValidateForm"/>
  <testcase name="LstNameFieldClear" time="0.733" classname="test.ValidateForm"/>
  <testcase name="PhoneNumberFieldClear" time="10.665" classname="test.ValidateForm"/>
  <testcase name="PositiveTest" time="0.909" classname="test.ValidateForm"/>
</testsuite> <!-- Default test -->
