<?xml version="1.0" encoding="UTF-8"?>
<!-- Generated by org.testng.reporters.JUnitXMLReporter -->
<testsuite hostname="DESKTOP-VRCSTNR" name="Test" tests="16" failures="0" timestamp="10 Oct 2017 01:19:57 GMT" time="178.32" errors="0">
  <testcase name="firstNameBlank" time="0.725" classname="test.ValidateForm"/>
  <testcase name="lastNameBlank" time="0.53" classname="test.ValidateForm"/>
  <testcase name="phoneNumberBlank" time="0.582" classname="test.ValidateForm"/>
  <testcase name="passNegativeDataFirstName" time="10.645" classname="test.ValidateForm"/>
  <testcase name="passNegativeDataLastName" time="0.76" classname="test.ValidateForm"/>
  <testcase name="phoneNumberMax" time="0.626" classname="test.ValidateForm"/>
  <testcase name="FirstNameSplMsg" time="0.585" classname="test.ValidateForm"/>
  <testcase name="LastNameSplMsg" time="0.782" classname="test.ValidateForm"/>
  <testcase name="phoneNumberSplMsg" time="0.598" classname="test.ValidateForm"/>
  <testcase name="firstNameWithSpace" time="2.639" classname="test.ValidateForm"/>
  <testcase name="lastNameWithSpace" time="2.697" classname="test.ValidateForm"/>
  <testcase name="phoneNumberWithSpace" time="0.654" classname="test.ValidateForm"/>
  <testcase name="FstNameFieldClear" time="0.61" classname="test.ValidateForm"/>
  <testcase name="LstNameFieldClear" time="0.752" classname="test.ValidateForm"/>
  <testcase name="PhoneNumberFieldClear" time="10.567" classname="test.ValidateForm"/>
  <testcase name="PositiveTest" time="0.912" classname="test.ValidateForm"/>
</testsuite> <!-- Test -->
